<?xml version="1.0" encoding="UTF-8"?>
<testng-results ignored="0" total="1" passed="1" failed="0" skipped="0">
  <reporter-output>
  </reporter-output>
  <suite started-at="2023-02-06T11:59:35 EST" name="Default suite" finished-at="2023-02-06T11:59:51 EST" duration-ms="15781">
    <groups>
    </groups>
    <test started-at="2023-02-06T11:59:35 EST" name="Default test" finished-at="2023-02-06T11:59:51 EST" duration-ms="15781">
      <class name="test.AccountPermissionTest">
        <test-method is-config="true" signature="setExtent()[pri:0, instance:test.AccountPermissionTest@dc9876b]" started-at="2023-02-06T11:59:35 EST" name="setExtent" finished-at="2023-02-06T11:59:35 EST" duration-ms="148" status="PASS">
          <reporter-output>
          </reporter-output>
        </test-method> <!-- setExtent -->
        <test-method is-config="true" signature="initialisation()[pri:0, instance:test.AccountPermissionTest@dc9876b]" started-at="2023-02-06T11:59:35 EST" name="initialisation" finished-at="2023-02-06T11:59:38 EST" duration-ms="2956" status="PASS">
          <reporter-output>
          </reporter-output>
        </test-method> <!-- initialisation -->
        <test-method signature="verifycreateAccount()[pri:0, instance:test.AccountPermissionTest@dc9876b]" started-at="2023-02-06T11:59:38 EST" name="verifycreateAccount" finished-at="2023-02-06T11:59:50 EST" duration-ms="12247" status="PASS">
          <reporter-output>
          </reporter-output>
        </test-method> <!-- verifycreateAccount -->
        <test-method is-config="true" signature="teardown(org.testng.ITestResult)[pri:0, instance:test.AccountPermissionTest@dc9876b]" started-at="2023-02-06T11:59:50 EST" name="teardown" finished-at="2023-02-06T11:59:51 EST" duration-ms="61" status="PASS">
          <params>
            <param index="0">
              <value>
                <![CDATA[[TestResult name=verifycreateAccount status=SUCCESS method=AccountPermissionTest.verifycreateAccount()[pri:0, instance:test.AccountPermissionTest@dc9876b] output={null}]]]>
              </value>
            </param>
          </params>
          <reporter-output>
          </reporter-output>
        </test-method> <!-- teardown -->
        <test-method is-config="true" signature="endReport()[pri:0, instance:test.AccountPermissionTest@dc9876b]" started-at="2023-02-06T11:59:51 EST" name="endReport" finished-at="2023-02-06T11:59:51 EST" duration-ms="341" status="PASS">
          <reporter-output>
          </reporter-output>
        </test-method> <!-- endReport -->
      </class> <!-- test.AccountPermissionTest -->
    </test> <!-- Default test -->
  </suite> <!-- Default suite -->
</testng-results>
